0 info it worked if it ends with ok
1 verbose cli [ '/usr/bin/node', '/usr/bin/npm', 'install', '-g', 'mocha' ]
2 info using npm@1.4.28
3 info using node@v0.10.35
4 verbose node symlink /usr/bin/node
5 verbose cache add [ 'mocha', null ]
6 verbose cache add name=undefined spec="mocha" args=["mocha",null]
7 verbose parsed url { protocol: null,
7 verbose parsed url   slashes: null,
7 verbose parsed url   auth: null,
7 verbose parsed url   host: null,
7 verbose parsed url   port: null,
7 verbose parsed url   hostname: null,
7 verbose parsed url   hash: null,
7 verbose parsed url   search: null,
7 verbose parsed url   query: null,
7 verbose parsed url   pathname: 'mocha',
7 verbose parsed url   path: 'mocha',
7 verbose parsed url   href: 'mocha' }
8 silly lockFile a619da43-mocha mocha
9 verbose lock mocha /home/justin/.npm/a619da43-mocha.lock
10 silly lockFile a619da43-mocha mocha
11 silly lockFile a619da43-mocha mocha
12 verbose addNamed [ 'mocha', '' ]
13 verbose addNamed [ null, '*' ]
14 silly lockFile b9899f31-mocha mocha@
15 verbose lock mocha@ /home/justin/.npm/b9899f31-mocha.lock
16 silly addNameRange { name: 'mocha', range: '*', hasData: false }
17 verbose request where is /mocha
18 verbose request registry https://registry.npmjs.org/
19 verbose request id 3e2a439367c0c3bb
20 verbose url raw /mocha
21 verbose url resolving [ 'https://registry.npmjs.org/', './mocha' ]
22 verbose url resolved https://registry.npmjs.org/mocha
23 verbose request where is https://registry.npmjs.org/mocha
24 info trying registry request attempt 1 at 10:25:59
25 http GET https://registry.npmjs.org/mocha
26 http 200 https://registry.npmjs.org/mocha
27 silly registry.get cb [ 200,
27 silly registry.get   { date: 'Mon, 26 Jan 2015 15:25:59 GMT',
27 silly registry.get     server: 'CouchDB/1.5.0 (Erlang OTP/R14B04)',
27 silly registry.get     etag: '"BP8GOQNNHW9V84XWO22LYUZ71"',
27 silly registry.get     'content-type': 'application/json',
27 silly registry.get     'cache-control': 'max-age=60',
27 silly registry.get     'content-length': '111542',
27 silly registry.get     'accept-ranges': 'bytes',
27 silly registry.get     via: '1.1 varnish',
27 silly registry.get     age: '24',
27 silly registry.get     'x-served-by': 'cache-jfk1029-JFK',
27 silly registry.get     'x-cache': 'HIT',
27 silly registry.get     'x-cache-hits': '1',
27 silly registry.get     'x-timer': 'S1422285959.771115,VS0,VE0',
27 silly registry.get     vary: 'Accept',
27 silly registry.get     'keep-alive': 'timeout=10, max=50',
27 silly registry.get     connection: 'Keep-Alive' } ]
28 silly addNameRange number 2 { name: 'mocha', range: '*', hasData: true }
29 silly addNameRange versions [ 'mocha',
29 silly addNameRange   [ '0.0.1-alpha1',
29 silly addNameRange     '0.0.1-alpha2',
29 silly addNameRange     '0.0.1-alpha3',
29 silly addNameRange     '0.0.1-alpha4',
29 silly addNameRange     '0.0.1-alpha5',
29 silly addNameRange     '0.0.1-alpha6',
29 silly addNameRange     '0.0.1',
29 silly addNameRange     '0.0.2',
29 silly addNameRange     '0.0.3',
29 silly addNameRange     '0.0.4',
29 silly addNameRange     '0.0.5',
29 silly addNameRange     '0.0.6',
29 silly addNameRange     '0.0.7',
29 silly addNameRange     '0.0.8',
29 silly addNameRange     '0.1.0',
29 silly addNameRange     '0.2.0',
29 silly addNameRange     '0.3.0',
29 silly addNameRange     '0.3.1',
29 silly addNameRange     '0.3.2',
29 silly addNameRange     '0.3.3',
29 silly addNameRange     '0.3.4',
29 silly addNameRange     '0.3.6',
29 silly addNameRange     '0.4.0',
29 silly addNameRange     '0.5.0',
29 silly addNameRange     '0.6.0',
29 silly addNameRange     '0.7.0',
29 silly addNameRange     '0.7.1',
29 silly addNameRange     '0.8.0',
29 silly addNameRange     '0.8.1',
29 silly addNameRange     '0.9.0',
29 silly addNameRange     '0.10.0',
29 silly addNameRange     '0.10.1',
29 silly addNameRange     '0.10.2',
29 silly addNameRange     '0.11.0',
29 silly addNameRange     '0.12.0',
29 silly addNameRange     '0.12.1',
29 silly addNameRange     '0.13.0',
29 silly addNameRange     '0.14.0',
29 silly addNameRange     '0.14.1',
29 silly addNameRange     '1.0.0',
29 silly addNameRange     '1.0.1',
29 silly addNameRange     '1.0.2',
29 silly addNameRange     '1.0.3',
29 silly addNameRange     '1.1.0',
29 silly addNameRange     '1.2.0',
29 silly addNameRange     '1.2.1',
29 silly addNameRange     '1.2.2',
29 silly addNameRange     '1.3.0',
29 silly addNameRange     '1.3.1',
29 silly addNameRange     '1.3.2',
29 silly addNameRange     '1.4.0',
29 silly addNameRange     '1.4.1',
29 silly addNameRange     '1.4.2',
29 silly addNameRange     '1.4.3',
29 silly addNameRange     '1.5.0',
29 silly addNameRange     '1.6.0',
29 silly addNameRange     '1.7.0',
29 silly addNameRange     '1.7.1',
29 silly addNameRange     '1.7.2',
29 silly addNameRange     '1.7.3',
29 silly addNameRange     '1.7.4',
29 silly addNameRange     '1.8.0',
29 silly addNameRange     '1.8.1',
29 silly addNameRange     '1.8.2',
29 silly addNameRange     '1.9.0',
29 silly addNameRange     '1.10.0',
29 silly addNameRange     '1.11.0',
29 silly addNameRange     '1.12.0',
29 silly addNameRange     '1.12.1',
29 silly addNameRange     '1.13.0',
29 silly addNameRange     '1.14.0',
29 silly addNameRange     '1.15.0',
29 silly addNameRange     '1.15.1',
29 silly addNameRange     '1.16.0',
29 silly addNameRange     '1.16.1',
29 silly addNameRange     '1.16.2',
29 silly addNameRange     '1.17.0',
29 silly addNameRange     '1.17.1',
29 silly addNameRange     '1.18.0',
29 silly addNameRange     '1.18.1',
29 silly addNameRange     '1.18.2',
29 silly addNameRange     '1.19.0',
29 silly addNameRange     '1.20.0',
29 silly addNameRange     '1.20.1',
29 silly addNameRange     '1.21.0',
29 silly addNameRange     '1.21.1',
29 silly addNameRange     '1.21.2',
29 silly addNameRange     '1.21.3',
29 silly addNameRange     '1.21.4',
29 silly addNameRange     '1.21.5',
29 silly addNameRange     '2.0.0',
29 silly addNameRange     '2.0.1',
29 silly addNameRange     '2.1.0' ] ]
30 verbose addNamed [ 'mocha', '2.1.0' ]
31 verbose addNamed [ '2.1.0', '2.1.0' ]
32 silly lockFile f9a4f261-mocha-2-1-0 mocha@2.1.0
33 verbose lock mocha@2.1.0 /home/justin/.npm/f9a4f261-mocha-2-1-0.lock
34 silly lockFile ff48524b--npmjs-org-mocha-mocha-2-1-0-tgz https://registry.npmjs.org/mocha/-/mocha-2.1.0.tgz
35 verbose lock https://registry.npmjs.org/mocha/-/mocha-2.1.0.tgz /home/justin/.npm/ff48524b--npmjs-org-mocha-mocha-2-1-0-tgz.lock
36 verbose addRemoteTarball [ 'https://registry.npmjs.org/mocha/-/mocha-2.1.0.tgz',
36 verbose addRemoteTarball   '77752fe592fb9092756827af46cd3eae1b83671c' ]
37 info retry fetch attempt 1 at 10:25:59
38 verbose fetch to= /tmp/npm-4944-prXNLgcz/registry.npmjs.org/mocha/-/mocha-2.1.0.tgz
39 http GET https://registry.npmjs.org/mocha/-/mocha-2.1.0.tgz
40 http 200 https://registry.npmjs.org/mocha/-/mocha-2.1.0.tgz
41 silly lockFile ff48524b--npmjs-org-mocha-mocha-2-1-0-tgz https://registry.npmjs.org/mocha/-/mocha-2.1.0.tgz
42 silly lockFile ff48524b--npmjs-org-mocha-mocha-2-1-0-tgz https://registry.npmjs.org/mocha/-/mocha-2.1.0.tgz
43 silly lockFile f9a4f261-mocha-2-1-0 mocha@2.1.0
44 silly lockFile f9a4f261-mocha-2-1-0 mocha@2.1.0
45 silly lockFile b9899f31-mocha mocha@
46 silly lockFile b9899f31-mocha mocha@
47 silly resolved [ { name: 'mocha',
47 silly resolved     version: '2.1.0',
47 silly resolved     description: 'simple, flexible, fun test framework',
47 silly resolved     keywords: [ 'mocha', 'test', 'bdd', 'tdd', 'tap' ],
47 silly resolved     author: { name: 'TJ Holowaychuk', email: 'tj@vision-media.ca' },
47 silly resolved     contributors:
47 silly resolved      [ [Object],
47 silly resolved        [Object],
47 silly resolved        [Object],
47 silly resolved        [Object],
47 silly resolved        [Object],
47 silly resolved        [Object],
47 silly resolved        [Object],
47 silly resolved        [Object] ],
47 silly resolved     repository: { type: 'git', url: 'git://github.com/mochajs/mocha.git' },
47 silly resolved     maintainers: [ [Object], [Object], [Object] ],
47 silly resolved     main: './index',
47 silly resolved     browser: './mocha.js',
47 silly resolved     bin: { mocha: './bin/mocha', _mocha: './bin/_mocha' },
47 silly resolved     engines: { node: '>= 0.8.x' },
47 silly resolved     scripts: { test: 'make test-all' },
47 silly resolved     dependencies:
47 silly resolved      { commander: '2.3.0',
47 silly resolved        debug: '2.0.0',
47 silly resolved        diff: '1.0.8',
47 silly resolved        'escape-string-regexp': '1.0.2',
47 silly resolved        glob: '3.2.3',
47 silly resolved        growl: '1.8.1',
47 silly resolved        jade: '0.26.3',
47 silly resolved        mkdirp: '0.5.0' },
47 silly resolved     devDependencies: { 'coffee-script': '~1.8.0', should: '~4.0.0' },
47 silly resolved     files:
47 silly resolved      [ 'bin',
47 silly resolved        'images',
47 silly resolved        'lib',
47 silly resolved        'index.js',
47 silly resolved        'mocha.css',
47 silly resolved        'mocha.js',
47 silly resolved        'LICENSE' ],
47 silly resolved     licenses: [ [Object] ],
47 silly resolved     bugs: { url: 'https://github.com/mochajs/mocha/issues' },
47 silly resolved     homepage: 'https://github.com/mochajs/mocha',
47 silly resolved     _id: 'mocha@2.1.0',
47 silly resolved     _shasum: '77752fe592fb9092756827af46cd3eae1b83671c',
47 silly resolved     _from: 'mocha@',
47 silly resolved     _npmVersion: '1.4.9',
47 silly resolved     _npmUser: { name: 'travisjeffery', email: 'tj@travisjeffery.com' },
47 silly resolved     dist:
47 silly resolved      { shasum: '77752fe592fb9092756827af46cd3eae1b83671c',
47 silly resolved        tarball: 'http://registry.npmjs.org/mocha/-/mocha-2.1.0.tgz' },
47 silly resolved     directories: {},
47 silly resolved     _resolved: 'https://registry.npmjs.org/mocha/-/mocha-2.1.0.tgz' } ]
48 info install mocha@2.1.0 into /usr/lib
49 info installOne mocha@2.1.0
50 verbose lib/node_modules/mocha unbuild
51 verbose tar unpack /home/justin/.npm/mocha/2.1.0/package.tgz
52 silly lockFile f6860037-tar-usr-lib-node-modules-mocha tar:///usr/lib/node_modules/mocha
53 verbose lock tar:///usr/lib/node_modules/mocha /home/justin/.npm/f6860037-tar-usr-lib-node-modules-mocha.lock
54 silly lockFile 23662a93-stin-npm-mocha-2-1-0-package-tgz tar:///home/justin/.npm/mocha/2.1.0/package.tgz
55 verbose lock tar:///home/justin/.npm/mocha/2.1.0/package.tgz /home/justin/.npm/23662a93-stin-npm-mocha-2-1-0-package-tgz.lock
56 silly gunzTarPerm modes [ '775', '664' ]
57 error Error: EACCES, mkdir '/usr/lib/node_modules/mocha'
57 error  { [Error: EACCES, mkdir '/usr/lib/node_modules/mocha']
57 error   errno: 3,
57 error   code: 'EACCES',
57 error   path: '/usr/lib/node_modules/mocha',
57 error   fstream_type: 'Directory',
57 error   fstream_path: '/usr/lib/node_modules/mocha',
57 error   fstream_class: 'DirWriter',
57 error   fstream_stack:
57 error    [ '/usr/lib/node_modules/npm/node_modules/fstream/lib/dir-writer.js:36:23',
57 error      '/usr/lib/node_modules/npm/node_modules/mkdirp/index.js:46:53',
57 error      'Object.oncomplete (fs.js:108:15)' ] }
58 error Please try running this command again as root/Administrator.
59 error System Linux 3.16.0-29-generic
60 error command "/usr/bin/node" "/usr/bin/npm" "install" "-g" "mocha"
61 error cwd /home/justin/code/api-boilerplate
62 error node -v v0.10.35
63 error npm -v 1.4.28
64 error path /usr/lib/node_modules/mocha
65 error fstream_path /usr/lib/node_modules/mocha
66 error fstream_type Directory
67 error fstream_class DirWriter
68 error code EACCES
69 error errno 3
70 error stack Error: EACCES, mkdir '/usr/lib/node_modules/mocha'
71 error fstream_stack /usr/lib/node_modules/npm/node_modules/fstream/lib/dir-writer.js:36:23
71 error fstream_stack /usr/lib/node_modules/npm/node_modules/mkdirp/index.js:46:53
71 error fstream_stack Object.oncomplete (fs.js:108:15)
72 verbose exit [ 3, true ]
